<?xml version="1.0" encoding="UTF-8"?>
<testsuite xmlns:xsi="http://www.w3.org/2001/XMLSchema-instance" xsi:noNamespaceSchemaLocation="https://maven.apache.org/surefire/maven-surefire-plugin/xsd/surefire-test-report-3.0.xsd" version="3.0" name="org.neo4j.gspatial.SpatialFunctionsTest" time="114.7" tests="23" errors="0" skipped="0" failures="0">
  <properties>
    <property name="java.specification.version" value="17"/>
    <property name="sun.cpu.isalist" value="amd64"/>
    <property name="sun.jnu.encoding" value="MS949"/>
    <property name="java.class.path" value="D:\gspatial_test\spatial-functions\target\test-classes;D:\gspatial_test\spatial-functions\target\classes;C:\Users\KJY\.m2\repository\junit\junit\4.12\junit-4.12.jar;C:\Users\KJY\.m2\repository\org\hamcrest\hamcrest-core\1.3\hamcrest-core-1.3.jar;C:\Users\KJY\.m2\repository\org\neo4j\neo4j\5.10.0\neo4j-5.10.0.jar;C:\Users\KJY\.m2\repository\org\neo4j\annotations\5.10.0\annotations-5.10.0.jar;C:\Users\KJY\.m2\repository\org\eclipse\collections\eclipse-collections\11.1.0\eclipse-collections-11.1.0.jar;C:\Users\KJY\.m2\repository\org\eclipse\collections\eclipse-collections-api\11.1.0\eclipse-collections-api-11.1.0.jar;C:\Users\KJY\.m2\repository\org\apache\commons\commons-lang3\3.12.0\commons-lang3-3.12.0.jar;C:\Users\KJY\.m2\repository\org\neo4j\neo4j-kernel\5.10.0\neo4j-kernel-5.10.0.jar;C:\Users\KJY\.m2\repository\org\neo4j\neo4j-native\5.10.0\neo4j-native-5.10.0.jar;C:\Users\KJY\.m2\repository\net\java\dev\jna\jna\5.13.0\jna-5.13.0.jar;C:\Users\KJY\.m2\repository\org\neo4j\neo4j-graphdb-api\5.10.0\neo4j-graphdb-api-5.10.0.jar;C:\Users\KJY\.m2\repository\org\neo4j\neo4j-kernel-api\5.10.0\neo4j-kernel-api-5.10.0.jar;C:\Users\KJY\.m2\repository\org\neo4j\neo4j-monitoring\5.10.0\neo4j-monitoring-5.10.0.jar;C:\Users\KJY\.m2\repository\org\neo4j\neo4j-diagnostics\5.10.0\neo4j-diagnostics-5.10.0.jar;C:\Users\KJY\.m2\repository\org\neo4j\neo4j-schema\5.10.0\neo4j-schema-5.10.0.jar;C:\Users\KJY\.m2\repository\org\neo4j\neo4j-lock\5.10.0\neo4j-lock-5.10.0.jar;C:\Users\KJY\.m2\repository\org\neo4j\neo4j-token-api\5.10.0\neo4j-token-api-5.10.0.jar;C:\Users\KJY\.m2\repository\org\neo4j\neo4j-storage-engine-util\5.10.0\neo4j-storage-engine-util-5.10.0.jar;C:\Users\KJY\.m2\repository\org\neo4j\neo4j-common\5.10.0\neo4j-common-5.10.0.jar;C:\Users\KJY\.m2\repository\org\lz4\lz4-java\1.8.0\lz4-java-1.8.0.jar;C:\Users\KJY\.m2\repository\org\neo4j\neo4j-values\5.10.0\neo4j-values-5.10.0.jar;C:\Users\KJY\.m2\repository\org\neo4j\neo4j-unsafe\5.10.0\neo4j-unsafe-5.10.0.jar;C:\Users\KJY\.m2\repository\org\neo4j\neo4j-collections\5.10.0\neo4j-collections-5.10.0.jar;C:\Users\KJY\.m2\repository\com\github\ben-manes\caffeine\caffeine\3.1.6\caffeine-3.1.6.jar;C:\Users\KJY\.m2\repository\org\neo4j\neo4j-io\5.10.0\neo4j-io-5.10.0.jar;C:\Users\KJY\.m2\repository\org\neo4j\neo4j-concurrent\5.10.0\neo4j-concurrent-5.10.0.jar;C:\Users\KJY\.m2\repository\org\neo4j\neo4j-logging\5.10.0\neo4j-logging-5.10.0.jar;C:\Users\KJY\.m2\repository\org\codehaus\jettison\jettison\1.5.4\jettison-1.5.4.jar;C:\Users\KJY\.m2\repository\org\apache\logging\log4j\log4j-api\2.20.0\log4j-api-2.20.0.jar;C:\Users\KJY\.m2\repository\org\apache\logging\log4j\log4j-core\2.20.0\log4j-core-2.20.0.jar;C:\Users\KJY\.m2\repository\org\apache\logging\log4j\log4j-layout-template-json\2.20.0\log4j-layout-template-json-2.20.0.jar;C:\Users\KJY\.m2\repository\org\neo4j\neo4j-configuration\5.10.0\neo4j-configuration-5.10.0.jar;C:\Users\KJY\.m2\repository\com\github\seancfoley\ipaddress\5.4.0\ipaddress-5.4.0.jar;C:\Users\KJY\.m2\repository\org\neo4j\neo4j-layout\5.10.0\neo4j-layout-5.10.0.jar;C:\Users\KJY\.m2\repository\org\neo4j\neo4j-index\5.10.0\neo4j-index-5.10.0.jar;C:\Users\KJY\.m2\repository\org\neo4j\neo4j-spatial-index\5.10.0\neo4j-spatial-index-5.10.0.jar;C:\Users\KJY\.m2\repository\org\neo4j\neo4j-id-generator\5.10.0\neo4j-id-generator-5.10.0.jar;C:\Users\KJY\.m2\repository\org\neo4j\neo4j-wal\5.10.0\neo4j-wal-5.10.0.jar;C:\Users\KJY\.m2\repository\org\neo4j\neo4j-import-util\5.10.0\neo4j-import-util-5.10.0.jar;C:\Users\KJY\.m2\repository\org\neo4j\neo4j-csv\5.10.0\neo4j-csv-5.10.0.jar;C:\Users\KJY\.m2\repository\org\jctools\jctools-core\4.0.1\jctools-core-4.0.1.jar;C:\Users\KJY\.m2\repository\org\neo4j\neo4j-fabric\5.10.0\neo4j-fabric-5.10.0.jar;C:\Users\KJY\.m2\repository\org\neo4j\neo4j-front-end\5.10.0\neo4j-front-end-5.10.0.jar;C:\Users\KJY\.m2\repository\org\neo4j\neo4j-expressions\5.10.0\neo4j-expressions-5.10.0.jar;C:\Users\KJY\.m2\repository\org\neo4j\neo4j-cypher-macros\5.10.0\neo4j-cypher-macros-5.10.0.jar;C:\Users\KJY\.m2\repository\org\scala-lang\scala-reflect\2.13.11\scala-reflect-2.13.11.jar;C:\Users\KJY\.m2\repository\org\neo4j\neo4j-query-router\5.10.0\neo4j-query-router-5.10.0.jar;C:\Users\KJY\.m2\repository\org\neo4j\neo4j-procedure\5.10.0\neo4j-procedure-5.10.0.jar;C:\Users\KJY\.m2\repository\org\neo4j\neo4j-procedure-api\5.10.0\neo4j-procedure-api-5.10.0.jar;C:\Users\KJY\.m2\repository\org\neo4j\neo4j-codegen\5.10.0\neo4j-codegen-5.10.0.jar;C:\Users\KJY\.m2\repository\org\ow2\asm\asm-util\9.5\asm-util-9.5.jar;C:\Users\KJY\.m2\repository\org\ow2\asm\asm-analysis\9.5\asm-analysis-9.5.jar;C:\Users\KJY\.m2\repository\org\ow2\asm\asm-tree\9.5\asm-tree-9.5.jar;C:\Users\KJY\.m2\repository\org\neo4j\neo4j-cypher-expression-evaluator\5.10.0\neo4j-cypher-expression-evaluator-5.10.0.jar;C:\Users\KJY\.m2\repository\org\neo4j\neo4j-ast\5.10.0\neo4j-ast-5.10.0.jar;C:\Users\KJY\.m2\repository\org\neo4j\neo4j-cypher-ast-factory\5.10.0\neo4j-cypher-ast-factory-5.10.0.jar;C:\Users\KJY\.m2\repository\org\neo4j\cypher-ast-factory\5.10.0\cypher-ast-factory-5.10.0.jar;C:\Users\KJY\.m2\repository\com\fasterxml\jackson\core\jackson-databind\2.15.2\jackson-databind-2.15.2.jar;C:\Users\KJY\.m2\repository\com\fasterxml\jackson\core\jackson-annotations\2.15.2\jackson-annotations-2.15.2.jar;C:\Users\KJY\.m2\repository\org\neo4j\neo4j-lucene-index\5.10.0\neo4j-lucene-index-5.10.0.jar;C:\Users\KJY\.m2\repository\org\neo4j\neo4j-resource\5.10.0\neo4j-resource-5.10.0.jar;C:\Users\KJY\.m2\repository\org\apache\lucene\lucene-analysis-common\9.7.0\lucene-analysis-common-9.7.0.jar;C:\Users\KJY\.m2\repository\org\apache\lucene\lucene-core\9.7.0\lucene-core-9.7.0.jar;C:\Users\KJY\.m2\repository\org\apache\lucene\lucene-queryparser\9.7.0\lucene-queryparser-9.7.0.jar;C:\Users\KJY\.m2\repository\org\apache\lucene\lucene-backward-codecs\9.7.0\lucene-backward-codecs-9.7.0.jar;C:\Users\KJY\.m2\repository\org\neo4j\neo4j-fulltext-index\5.10.0\neo4j-fulltext-index-5.10.0.jar;C:\Users\KJY\.m2\repository\org\neo4j\neo4j-graph-algo\5.10.0\neo4j-graph-algo-5.10.0.jar;C:\Users\KJY\.m2\repository\org\neo4j\neo4j-cypher-runtime-util\5.10.0\neo4j-cypher-runtime-util-5.10.0.jar;C:\Users\KJY\.m2\repository\org\neo4j\neo4j-cypher-logical-plans\5.10.0\neo4j-cypher-logical-plans-5.10.0.jar;C:\Users\KJY\.m2\repository\org\neo4j\neo4j-data-collector\5.10.0\neo4j-data-collector-5.10.0.jar;C:\Users\KJY\.m2\repository\org\neo4j\neo4j-cypher-planner\5.10.0\neo4j-cypher-planner-5.10.0.jar;C:\Users\KJY\.m2\repository\org\apache\commons\commons-math3\3.6.1\commons-math3-3.6.1.jar;C:\Users\KJY\.m2\repository\org\scala-lang\modules\scala-collection-contrib_2.13\0.3.0\scala-collection-contrib_2.13-0.3.0.jar;C:\Users\KJY\.m2\repository\org\neo4j\neo4j-cypher-ir\5.10.0\neo4j-cypher-ir-5.10.0.jar;C:\Users\KJY\.m2\repository\org\neo4j\neo4j-cypher-javacc-parser\5.10.0\neo4j-cypher-javacc-parser-5.10.0.jar;C:\Users\KJY\.m2\repository\org\neo4j\neo4j-rewriting\5.10.0\neo4j-rewriting-5.10.0.jar;C:\Users\KJY\.m2\repository\org\neo4j\neo4j-cypher\5.10.0\neo4j-cypher-5.10.0.jar;C:\Users\KJY\.m2\repository\org\scala-lang\scala-library\2.13.11\scala-library-2.13.11.jar;C:\Users\KJY\.m2\repository\org\neo4j\neo4j-cypher-physical-planning\5.10.0\neo4j-cypher-physical-planning-5.10.0.jar;C:\Users\KJY\.m2\repository\org\neo4j\neo4j-exceptions\5.10.0\neo4j-exceptions-5.10.0.jar;C:\Users\KJY\.m2\repository\org\neo4j\neo4j-util\5.10.0\neo4j-util-5.10.0.jar;C:\Users\KJY\.m2\repository\org\neo4j\neo4j-cypher-config\5.10.0\neo4j-cypher-config-5.10.0.jar;C:\Users\KJY\.m2\repository\com\propensive\magnolia_2.13\0.17.0\magnolia_2.13-0.17.0.jar;C:\Users\KJY\.m2\repository\com\propensive\mercator_2.13\0.2.1\mercator_2.13-0.2.1.jar;C:\Users\KJY\.m2\repository\org\neo4j\neo4j-cypher-cache\5.10.0\neo4j-cypher-cache-5.10.0.jar;C:\Users\KJY\.m2\repository\org\neo4j\neo4j-cypher-planner-spi\5.10.0\neo4j-cypher-planner-spi-5.10.0.jar;C:\Users\KJY\.m2\repository\org\neo4j\neo4j-cypher-interpreted-runtime\5.10.0\neo4j-cypher-interpreted-runtime-5.10.0.jar;C:\Users\KJY\.m2\repository\org\neo4j\neo4j-cypher-slotted-runtime\5.10.0\neo4j-cypher-slotted-runtime-5.10.0.jar;C:\Users\KJY\.m2\repository\org\apache\shiro\shiro-core\1.11.0\shiro-core-1.11.0.jar;C:\Users\KJY\.m2\repository\org\apache\shiro\shiro-lang\1.11.0\shiro-lang-1.11.0.jar;C:\Users\KJY\.m2\repository\org\apache\shiro\shiro-cache\1.11.0\shiro-cache-1.11.0.jar;C:\Users\KJY\.m2\repository\org\apache\shiro\shiro-crypto-hash\1.11.0\shiro-crypto-hash-1.11.0.jar;C:\Users\KJY\.m2\repository\org\apache\shiro\shiro-crypto-core\1.11.0\shiro-crypto-core-1.11.0.jar;C:\Users\KJY\.m2\repository\org\apache\shiro\shiro-crypto-cipher\1.11.0\shiro-crypto-cipher-1.11.0.jar;C:\Users\KJY\.m2\repository\org\apache\shiro\shiro-config-core\1.11.0\shiro-config-core-1.11.0.jar;C:\Users\KJY\.m2\repository\org\apache\shiro\shiro-config-ogdl\1.11.0\shiro-config-ogdl-1.11.0.jar;C:\Users\KJY\.m2\repository\commons-beanutils\commons-beanutils\1.9.4\commons-beanutils-1.9.4.jar;C:\Users\KJY\.m2\repository\commons-collections\commons-collections\3.2.2\commons-collections-3.2.2.jar;C:\Users\KJY\.m2\repository\org\apache\shiro\shiro-event\1.11.0\shiro-event-1.11.0.jar;C:\Users\KJY\.m2\repository\org\bitbucket\inkytonik\kiama\kiama_2.13\2.5.0\kiama_2.13-2.5.0.jar;C:\Users\KJY\.m2\repository\org\neo4j\neo4j-security\5.10.0\neo4j-security-5.10.0.jar;C:\Users\KJY\.m2\repository\org\neo4j\neo4j-command-line\5.10.0\neo4j-command-line-5.10.0.jar;C:\Users\KJY\.m2\repository\info\picocli\picocli\4.7.3\picocli-4.7.3.jar;C:\Users\KJY\.m2\repository\org\neo4j\neo4j-bolt\5.10.0\neo4j-bolt-5.10.0.jar;C:\Users\KJY\.m2\repository\org\neo4j\neo4j-ssl\5.10.0\neo4j-ssl-5.10.0.jar;C:\Users\KJY\.m2\repository\org\neo4j\server-api\5.10.0\server-api-5.10.0.jar;C:\Users\KJY\.m2\repository\jakarta\ws\rs\jakarta.ws.rs-api\2.1.6\jakarta.ws.rs-api-2.1.6.jar;C:\Users\KJY\.m2\repository\io\netty\netty-codec-http\4.1.93.Final\netty-codec-http-4.1.93.Final.jar;C:\Users\KJY\.m2\repository\io\netty\netty-transport-native-epoll\4.1.93.Final\netty-transport-native-epoll-4.1.93.Final-linux-x86_64.jar;C:\Users\KJY\.m2\repository\io\netty\netty-transport-classes-epoll\4.1.93.Final\netty-transport-classes-epoll-4.1.93.Final.jar;C:\Users\KJY\.m2\repository\io\netty\netty-transport-native-epoll\4.1.93.Final\netty-transport-native-epoll-4.1.93.Final-linux-aarch_64.jar;C:\Users\KJY\.m2\repository\io\netty\netty-transport-native-kqueue\4.1.93.Final\netty-transport-native-kqueue-4.1.93.Final-osx-x86_64.jar;C:\Users\KJY\.m2\repository\io\netty\netty-transport-classes-kqueue\4.1.93.Final\netty-transport-classes-kqueue-4.1.93.Final.jar;C:\Users\KJY\.m2\repository\io\netty\netty-transport-native-kqueue\4.1.93.Final\netty-transport-native-kqueue-4.1.93.Final-osx-aarch_64.jar;C:\Users\KJY\.m2\repository\org\neo4j\neo4j-consistency-check\5.10.0\neo4j-consistency-check-5.10.0.jar;C:\Users\KJY\.m2\repository\org\neo4j\neo4j-record-storage-engine\5.10.0\neo4j-record-storage-engine-5.10.0.jar;C:\Users\KJY\.m2\repository\commons-io\commons-io\2.12.0\commons-io-2.12.0.jar;C:\Users\KJY\.m2\repository\org\neo4j\neo4j-dbms\5.10.0\neo4j-dbms-5.10.0.jar;C:\Users\KJY\.m2\repository\org\jprocesses\jProcesses\1.6.5\jProcesses-1.6.5.jar;C:\Users\KJY\.m2\repository\com\profesorfalken\WMI4Java\1.6.3\WMI4Java-1.6.3.jar;C:\Users\KJY\.m2\repository\com\profesorfalken\jPowerShell\3.0\jPowerShell-3.0.jar;C:\Users\KJY\.m2\repository\org\apache\commons\commons-compress\1.23.0\commons-compress-1.23.0.jar;C:\Users\KJY\.m2\repository\org\apache\commons\commons-text\1.10.0\commons-text-1.10.0.jar;C:\Users\KJY\.m2\repository\org\apache\commons\commons-configuration2\2.9.0\commons-configuration2-2.9.0.jar;C:\Users\KJY\.m2\repository\org\neo4j\licensing-proxy\zstd-proxy\5.10.0\zstd-proxy-5.10.0.jar;C:\Users\KJY\.m2\repository\com\github\luben\zstd-jni\1.5.5-3\zstd-jni-1.5.5-3.jar;C:\Users\KJY\.m2\repository\org\neo4j\neo4j-import-tool\5.10.0\neo4j-import-tool-5.10.0.jar;C:\Users\KJY\.m2\repository\org\neo4j\app\neo4j-server\5.10.0\neo4j-server-5.10.0.jar;C:\Users\KJY\.m2\repository\org\eclipse\jetty\jetty-server\9.4.51.v20230217\jetty-server-9.4.51.v20230217.jar;C:\Users\KJY\.m2\repository\javax\servlet\javax.servlet-api\3.1.0\javax.servlet-api-3.1.0.jar;C:\Users\KJY\.m2\repository\org\eclipse\jetty\jetty-http\9.4.51.v20230217\jetty-http-9.4.51.v20230217.jar;C:\Users\KJY\.m2\repository\org\eclipse\jetty\jetty-util\9.4.51.v20230217\jetty-util-9.4.51.v20230217.jar;C:\Users\KJY\.m2\repository\org\eclipse\jetty\jetty-io\9.4.51.v20230217\jetty-io-9.4.51.v20230217.jar;C:\Users\KJY\.m2\repository\org\eclipse\jetty\jetty-webapp\9.4.51.v20230217\jetty-webapp-9.4.51.v20230217.jar;C:\Users\KJY\.m2\repository\org\eclipse\jetty\jetty-xml\9.4.51.v20230217\jetty-xml-9.4.51.v20230217.jar;C:\Users\KJY\.m2\repository\org\eclipse\jetty\jetty-servlet\9.4.51.v20230217\jetty-servlet-9.4.51.v20230217.jar;C:\Users\KJY\.m2\repository\org\eclipse\jetty\jetty-security\9.4.51.v20230217\jetty-security-9.4.51.v20230217.jar;C:\Users\KJY\.m2\repository\org\eclipse\jetty\jetty-util-ajax\9.4.51.v20230217\jetty-util-ajax-9.4.51.v20230217.jar;C:\Users\KJY\.m2\repository\org\glassfish\jersey\inject\jersey-hk2\2.34\jersey-hk2-2.34.jar;C:\Users\KJY\.m2\repository\org\glassfish\jersey\core\jersey-common\2.34\jersey-common-2.34.jar;C:\Users\KJY\.m2\repository\jakarta\annotation\jakarta.annotation-api\1.3.5\jakarta.annotation-api-1.3.5.jar;C:\Users\KJY\.m2\repository\org\glassfish\hk2\external\jakarta.inject\2.6.1\jakarta.inject-2.6.1.jar;C:\Users\KJY\.m2\repository\org\glassfish\hk2\hk2-locator\2.6.1\hk2-locator-2.6.1.jar;C:\Users\KJY\.m2\repository\org\glassfish\hk2\hk2-api\2.6.1\hk2-api-2.6.1.jar;C:\Users\KJY\.m2\repository\org\glassfish\hk2\hk2-utils\2.6.1\hk2-utils-2.6.1.jar;C:\Users\KJY\.m2\repository\org\javassist\javassist\3.25.0-GA\javassist-3.25.0-GA.jar;C:\Users\KJY\.m2\repository\org\glassfish\jersey\containers\jersey-container-servlet\2.34\jersey-container-servlet-2.34.jar;C:\Users\KJY\.m2\repository\org\glassfish\jersey\containers\jersey-container-servlet-core\2.34\jersey-container-servlet-core-2.34.jar;C:\Users\KJY\.m2\repository\org\glassfish\jersey\core\jersey-server\2.34\jersey-server-2.34.jar;C:\Users\KJY\.m2\repository\org\glassfish\jersey\core\jersey-client\2.34\jersey-client-2.34.jar;C:\Users\KJY\.m2\repository\jakarta\validation\jakarta.validation-api\2.0.2\jakarta.validation-api-2.0.2.jar;C:\Users\KJY\.m2\repository\com\fasterxml\jackson\core\jackson-core\2.15.2\jackson-core-2.15.2.jar;C:\Users\KJY\.m2\repository\com\fasterxml\jackson\jaxrs\jackson-jaxrs-json-provider\2.15.2\jackson-jaxrs-json-provider-2.15.2.jar;C:\Users\KJY\.m2\repository\com\fasterxml\jackson\jaxrs\jackson-jaxrs-base\2.15.2\jackson-jaxrs-base-2.15.2.jar;C:\Users\KJY\.m2\repository\com\fasterxml\jackson\module\jackson-module-jaxb-annotations\2.15.2\jackson-module-jaxb-annotations-2.15.2.jar;C:\Users\KJY\.m2\repository\org\glassfish\jaxb\jaxb-runtime\2.3.2\jaxb-runtime-2.3.2.jar;C:\Users\KJY\.m2\repository\org\glassfish\jaxb\txw2\2.3.2\txw2-2.3.2.jar;C:\Users\KJY\.m2\repository\com\sun\istack\istack-commons-runtime\3.0.8\istack-commons-runtime-3.0.8.jar;C:\Users\KJY\.m2\repository\org\jvnet\staxex\stax-ex\1.8.1\stax-ex-1.8.1.jar;C:\Users\KJY\.m2\repository\com\sun\xml\fastinfoset\FastInfoset\1.2.16\FastInfoset-1.2.16.jar;C:\Users\KJY\.m2\repository\jakarta\activation\jakarta.activation-api\1.2.1\jakarta.activation-api-1.2.1.jar;C:\Users\KJY\.m2\repository\jakarta\xml\bind\jakarta.xml.bind-api\2.3.2\jakarta.xml.bind-api-2.3.2.jar;C:\Users\KJY\.m2\repository\org\neo4j\neo4j-capabilities\5.10.0\neo4j-capabilities-5.10.0.jar;C:\Users\KJY\.m2\repository\org\locationtech\jts\jts-core\1.18.1\jts-core-1.18.1.jar;C:\Users\KJY\.m2\repository\org\neo4j\test\neo4j-harness\5.10.0\neo4j-harness-5.10.0.jar;C:\Users\KJY\.m2\repository\org\slf4j\slf4j-nop\2.0.7\slf4j-nop-2.0.7.jar;C:\Users\KJY\.m2\repository\org\slf4j\slf4j-api\2.0.7\slf4j-api-2.0.7.jar;C:\Users\KJY\.m2\repository\org\neo4j\test-utils\5.10.0\test-utils-5.10.0.jar;C:\Users\KJY\.m2\repository\org\ow2\asm\asm\9.5\asm-9.5.jar;C:\Users\KJY\.m2\repository\org\junit\jupiter\junit-jupiter\5.9.3\junit-jupiter-5.9.3.jar;C:\Users\KJY\.m2\repository\org\junit\jupiter\junit-jupiter-params\5.9.3\junit-jupiter-params-5.9.3.jar;C:\Users\KJY\.m2\repository\org\junit\platform\junit-platform-testkit\1.9.3\junit-platform-testkit-1.9.3.jar;C:\Users\KJY\.m2\repository\org\assertj\assertj-core\3.24.2\assertj-core-3.24.2.jar;C:\Users\KJY\.m2\repository\org\mockito\mockito-core\5.3.1\mockito-core-5.3.1.jar;C:\Users\KJY\.m2\repository\net\bytebuddy\byte-buddy\1.14.4\byte-buddy-1.14.4.jar;C:\Users\KJY\.m2\repository\net\bytebuddy\byte-buddy-agent\1.14.4\byte-buddy-agent-1.14.4.jar;C:\Users\KJY\.m2\repository\org\objenesis\objenesis\3.3\objenesis-3.3.jar;C:\Users\KJY\.m2\repository\org\bouncycastle\bcpkix-jdk15on\1.70\bcpkix-jdk15on-1.70.jar;C:\Users\KJY\.m2\repository\org\bouncycastle\bcutil-jdk15on\1.70\bcutil-jdk15on-1.70.jar;C:\Users\KJY\.m2\repository\org\bouncycastle\bcprov-jdk15on\1.70\bcprov-jdk15on-1.70.jar;C:\Users\KJY\.m2\repository\org\hamcrest\hamcrest\2.2\hamcrest-2.2.jar;C:\Users\KJY\.m2\repository\org\awaitility\awaitility\4.2.0\awaitility-4.2.0.jar;C:\Users\KJY\.m2\repository\org\neo4j\io-test-utils\5.10.0\io-test-utils-5.10.0.jar;C:\Users\KJY\.m2\repository\commons-logging\commons-logging\1.2\commons-logging-1.2.jar;C:\Users\KJY\.m2\repository\org\neo4j\app\neo4j-server-test-utils\5.10.0\neo4j-server-test-utils-5.10.0.jar;C:\Users\KJY\.m2\repository\commons-codec\commons-codec\1.15\commons-codec-1.15.jar;C:\Users\KJY\.m2\repository\org\junit\vintage\junit-vintage-engine\5.9.3\junit-vintage-engine-5.9.3.jar;C:\Users\KJY\.m2\repository\org\neo4j\driver\neo4j-java-driver\5.10.0\neo4j-java-driver-5.10.0.jar;C:\Users\KJY\.m2\repository\org\reactivestreams\reactive-streams\1.0.4\reactive-streams-1.0.4.jar;C:\Users\KJY\.m2\repository\io\netty\netty-handler\4.1.94.Final\netty-handler-4.1.94.Final.jar;C:\Users\KJY\.m2\repository\io\netty\netty-common\4.1.94.Final\netty-common-4.1.94.Final.jar;C:\Users\KJY\.m2\repository\io\netty\netty-resolver\4.1.94.Final\netty-resolver-4.1.94.Final.jar;C:\Users\KJY\.m2\repository\io\netty\netty-buffer\4.1.94.Final\netty-buffer-4.1.94.Final.jar;C:\Users\KJY\.m2\repository\io\netty\netty-transport\4.1.94.Final\netty-transport-4.1.94.Final.jar;C:\Users\KJY\.m2\repository\io\netty\netty-transport-native-unix-common\4.1.94.Final\netty-transport-native-unix-common-4.1.94.Final.jar;C:\Users\KJY\.m2\repository\io\netty\netty-codec\4.1.94.Final\netty-codec-4.1.94.Final.jar;C:\Users\KJY\.m2\repository\io\netty\netty-tcnative-classes\2.0.61.Final\netty-tcnative-classes-2.0.61.Final.jar;C:\Users\KJY\.m2\repository\io\projectreactor\reactor-core\3.5.7\reactor-core-3.5.7.jar;C:\Users\KJY\.m2\repository\org\junit\jupiter\junit-jupiter-engine\5.9.1\junit-jupiter-engine-5.9.1.jar;C:\Users\KJY\.m2\repository\org\junit\platform\junit-platform-engine\1.9.1\junit-platform-engine-1.9.1.jar;C:\Users\KJY\.m2\repository\org\opentest4j\opentest4j\1.2.0\opentest4j-1.2.0.jar;C:\Users\KJY\.m2\repository\org\junit\platform\junit-platform-commons\1.9.1\junit-platform-commons-1.9.1.jar;C:\Users\KJY\.m2\repository\org\junit\jupiter\junit-jupiter-api\5.9.1\junit-jupiter-api-5.9.1.jar;C:\Users\KJY\.m2\repository\org\apiguardian\apiguardian-api\1.1.2\apiguardian-api-1.1.2.jar;"/>
    <property name="java.vm.vendor" value="Eclipse Adoptium"/>
    <property name="sun.arch.data.model" value="64"/>
    <property name="user.variant" value=""/>
    <property name="java.vendor.url" value="https://adoptium.net/"/>
    <property name="user.timezone" value="Asia/Seoul"/>
    <property name="os.name" value="Windows 11"/>
    <property name="java.vm.specification.version" value="17"/>
    <property name="sun.java.launcher" value="SUN_STANDARD"/>
    <property name="user.country" value="KR"/>
    <property name="sun.boot.library.path" value="C:\Program Files\Eclipse Adoptium\jdk-17.0.8.7-hotspot\bin"/>
    <property name="sun.java.command" value="C:\Users\KJY\AppData\Local\Temp\surefire16774545739832894570\surefirebooter-20231130174927267_3.jar C:\Users\KJY\AppData\Local\Temp\surefire16774545739832894570 2023-11-30T17-49-27_095-jvmRun1 surefire-20231130174927267_1tmp surefire_0-20231130174927267_2tmp"/>
    <property name="jdk.debug" value="release"/>
    <property name="surefire.test.class.path" value="D:\gspatial_test\spatial-functions\target\test-classes;D:\gspatial_test\spatial-functions\target\classes;C:\Users\KJY\.m2\repository\junit\junit\4.12\junit-4.12.jar;C:\Users\KJY\.m2\repository\org\hamcrest\hamcrest-core\1.3\hamcrest-core-1.3.jar;C:\Users\KJY\.m2\repository\org\neo4j\neo4j\5.10.0\neo4j-5.10.0.jar;C:\Users\KJY\.m2\repository\org\neo4j\annotations\5.10.0\annotations-5.10.0.jar;C:\Users\KJY\.m2\repository\org\eclipse\collections\eclipse-collections\11.1.0\eclipse-collections-11.1.0.jar;C:\Users\KJY\.m2\repository\org\eclipse\collections\eclipse-collections-api\11.1.0\eclipse-collections-api-11.1.0.jar;C:\Users\KJY\.m2\repository\org\apache\commons\commons-lang3\3.12.0\commons-lang3-3.12.0.jar;C:\Users\KJY\.m2\repository\org\neo4j\neo4j-kernel\5.10.0\neo4j-kernel-5.10.0.jar;C:\Users\KJY\.m2\repository\org\neo4j\neo4j-native\5.10.0\neo4j-native-5.10.0.jar;C:\Users\KJY\.m2\repository\net\java\dev\jna\jna\5.13.0\jna-5.13.0.jar;C:\Users\KJY\.m2\repository\org\neo4j\neo4j-graphdb-api\5.10.0\neo4j-graphdb-api-5.10.0.jar;C:\Users\KJY\.m2\repository\org\neo4j\neo4j-kernel-api\5.10.0\neo4j-kernel-api-5.10.0.jar;C:\Users\KJY\.m2\repository\org\neo4j\neo4j-monitoring\5.10.0\neo4j-monitoring-5.10.0.jar;C:\Users\KJY\.m2\repository\org\neo4j\neo4j-diagnostics\5.10.0\neo4j-diagnostics-5.10.0.jar;C:\Users\KJY\.m2\repository\org\neo4j\neo4j-schema\5.10.0\neo4j-schema-5.10.0.jar;C:\Users\KJY\.m2\repository\org\neo4j\neo4j-lock\5.10.0\neo4j-lock-5.10.0.jar;C:\Users\KJY\.m2\repository\org\neo4j\neo4j-token-api\5.10.0\neo4j-token-api-5.10.0.jar;C:\Users\KJY\.m2\repository\org\neo4j\neo4j-storage-engine-util\5.10.0\neo4j-storage-engine-util-5.10.0.jar;C:\Users\KJY\.m2\repository\org\neo4j\neo4j-common\5.10.0\neo4j-common-5.10.0.jar;C:\Users\KJY\.m2\repository\org\lz4\lz4-java\1.8.0\lz4-java-1.8.0.jar;C:\Users\KJY\.m2\repository\org\neo4j\neo4j-values\5.10.0\neo4j-values-5.10.0.jar;C:\Users\KJY\.m2\repository\org\neo4j\neo4j-unsafe\5.10.0\neo4j-unsafe-5.10.0.jar;C:\Users\KJY\.m2\repository\org\neo4j\neo4j-collections\5.10.0\neo4j-collections-5.10.0.jar;C:\Users\KJY\.m2\repository\com\github\ben-manes\caffeine\caffeine\3.1.6\caffeine-3.1.6.jar;C:\Users\KJY\.m2\repository\org\neo4j\neo4j-io\5.10.0\neo4j-io-5.10.0.jar;C:\Users\KJY\.m2\repository\org\neo4j\neo4j-concurrent\5.10.0\neo4j-concurrent-5.10.0.jar;C:\Users\KJY\.m2\repository\org\neo4j\neo4j-logging\5.10.0\neo4j-logging-5.10.0.jar;C:\Users\KJY\.m2\repository\org\codehaus\jettison\jettison\1.5.4\jettison-1.5.4.jar;C:\Users\KJY\.m2\repository\org\apache\logging\log4j\log4j-api\2.20.0\log4j-api-2.20.0.jar;C:\Users\KJY\.m2\repository\org\apache\logging\log4j\log4j-core\2.20.0\log4j-core-2.20.0.jar;C:\Users\KJY\.m2\repository\org\apache\logging\log4j\log4j-layout-template-json\2.20.0\log4j-layout-template-json-2.20.0.jar;C:\Users\KJY\.m2\repository\org\neo4j\neo4j-configuration\5.10.0\neo4j-configuration-5.10.0.jar;C:\Users\KJY\.m2\repository\com\github\seancfoley\ipaddress\5.4.0\ipaddress-5.4.0.jar;C:\Users\KJY\.m2\repository\org\neo4j\neo4j-layout\5.10.0\neo4j-layout-5.10.0.jar;C:\Users\KJY\.m2\repository\org\neo4j\neo4j-index\5.10.0\neo4j-index-5.10.0.jar;C:\Users\KJY\.m2\repository\org\neo4j\neo4j-spatial-index\5.10.0\neo4j-spatial-index-5.10.0.jar;C:\Users\KJY\.m2\repository\org\neo4j\neo4j-id-generator\5.10.0\neo4j-id-generator-5.10.0.jar;C:\Users\KJY\.m2\repository\org\neo4j\neo4j-wal\5.10.0\neo4j-wal-5.10.0.jar;C:\Users\KJY\.m2\repository\org\neo4j\neo4j-import-util\5.10.0\neo4j-import-util-5.10.0.jar;C:\Users\KJY\.m2\repository\org\neo4j\neo4j-csv\5.10.0\neo4j-csv-5.10.0.jar;C:\Users\KJY\.m2\repository\org\jctools\jctools-core\4.0.1\jctools-core-4.0.1.jar;C:\Users\KJY\.m2\repository\org\neo4j\neo4j-fabric\5.10.0\neo4j-fabric-5.10.0.jar;C:\Users\KJY\.m2\repository\org\neo4j\neo4j-front-end\5.10.0\neo4j-front-end-5.10.0.jar;C:\Users\KJY\.m2\repository\org\neo4j\neo4j-expressions\5.10.0\neo4j-expressions-5.10.0.jar;C:\Users\KJY\.m2\repository\org\neo4j\neo4j-cypher-macros\5.10.0\neo4j-cypher-macros-5.10.0.jar;C:\Users\KJY\.m2\repository\org\scala-lang\scala-reflect\2.13.11\scala-reflect-2.13.11.jar;C:\Users\KJY\.m2\repository\org\neo4j\neo4j-query-router\5.10.0\neo4j-query-router-5.10.0.jar;C:\Users\KJY\.m2\repository\org\neo4j\neo4j-procedure\5.10.0\neo4j-procedure-5.10.0.jar;C:\Users\KJY\.m2\repository\org\neo4j\neo4j-procedure-api\5.10.0\neo4j-procedure-api-5.10.0.jar;C:\Users\KJY\.m2\repository\org\neo4j\neo4j-codegen\5.10.0\neo4j-codegen-5.10.0.jar;C:\Users\KJY\.m2\repository\org\ow2\asm\asm-util\9.5\asm-util-9.5.jar;C:\Users\KJY\.m2\repository\org\ow2\asm\asm-analysis\9.5\asm-analysis-9.5.jar;C:\Users\KJY\.m2\repository\org\ow2\asm\asm-tree\9.5\asm-tree-9.5.jar;C:\Users\KJY\.m2\repository\org\neo4j\neo4j-cypher-expression-evaluator\5.10.0\neo4j-cypher-expression-evaluator-5.10.0.jar;C:\Users\KJY\.m2\repository\org\neo4j\neo4j-ast\5.10.0\neo4j-ast-5.10.0.jar;C:\Users\KJY\.m2\repository\org\neo4j\neo4j-cypher-ast-factory\5.10.0\neo4j-cypher-ast-factory-5.10.0.jar;C:\Users\KJY\.m2\repository\org\neo4j\cypher-ast-factory\5.10.0\cypher-ast-factory-5.10.0.jar;C:\Users\KJY\.m2\repository\com\fasterxml\jackson\core\jackson-databind\2.15.2\jackson-databind-2.15.2.jar;C:\Users\KJY\.m2\repository\com\fasterxml\jackson\core\jackson-annotations\2.15.2\jackson-annotations-2.15.2.jar;C:\Users\KJY\.m2\repository\org\neo4j\neo4j-lucene-index\5.10.0\neo4j-lucene-index-5.10.0.jar;C:\Users\KJY\.m2\repository\org\neo4j\neo4j-resource\5.10.0\neo4j-resource-5.10.0.jar;C:\Users\KJY\.m2\repository\org\apache\lucene\lucene-analysis-common\9.7.0\lucene-analysis-common-9.7.0.jar;C:\Users\KJY\.m2\repository\org\apache\lucene\lucene-core\9.7.0\lucene-core-9.7.0.jar;C:\Users\KJY\.m2\repository\org\apache\lucene\lucene-queryparser\9.7.0\lucene-queryparser-9.7.0.jar;C:\Users\KJY\.m2\repository\org\apache\lucene\lucene-backward-codecs\9.7.0\lucene-backward-codecs-9.7.0.jar;C:\Users\KJY\.m2\repository\org\neo4j\neo4j-fulltext-index\5.10.0\neo4j-fulltext-index-5.10.0.jar;C:\Users\KJY\.m2\repository\org\neo4j\neo4j-graph-algo\5.10.0\neo4j-graph-algo-5.10.0.jar;C:\Users\KJY\.m2\repository\org\neo4j\neo4j-cypher-runtime-util\5.10.0\neo4j-cypher-runtime-util-5.10.0.jar;C:\Users\KJY\.m2\repository\org\neo4j\neo4j-cypher-logical-plans\5.10.0\neo4j-cypher-logical-plans-5.10.0.jar;C:\Users\KJY\.m2\repository\org\neo4j\neo4j-data-collector\5.10.0\neo4j-data-collector-5.10.0.jar;C:\Users\KJY\.m2\repository\org\neo4j\neo4j-cypher-planner\5.10.0\neo4j-cypher-planner-5.10.0.jar;C:\Users\KJY\.m2\repository\org\apache\commons\commons-math3\3.6.1\commons-math3-3.6.1.jar;C:\Users\KJY\.m2\repository\org\scala-lang\modules\scala-collection-contrib_2.13\0.3.0\scala-collection-contrib_2.13-0.3.0.jar;C:\Users\KJY\.m2\repository\org\neo4j\neo4j-cypher-ir\5.10.0\neo4j-cypher-ir-5.10.0.jar;C:\Users\KJY\.m2\repository\org\neo4j\neo4j-cypher-javacc-parser\5.10.0\neo4j-cypher-javacc-parser-5.10.0.jar;C:\Users\KJY\.m2\repository\org\neo4j\neo4j-rewriting\5.10.0\neo4j-rewriting-5.10.0.jar;C:\Users\KJY\.m2\repository\org\neo4j\neo4j-cypher\5.10.0\neo4j-cypher-5.10.0.jar;C:\Users\KJY\.m2\repository\org\scala-lang\scala-library\2.13.11\scala-library-2.13.11.jar;C:\Users\KJY\.m2\repository\org\neo4j\neo4j-cypher-physical-planning\5.10.0\neo4j-cypher-physical-planning-5.10.0.jar;C:\Users\KJY\.m2\repository\org\neo4j\neo4j-exceptions\5.10.0\neo4j-exceptions-5.10.0.jar;C:\Users\KJY\.m2\repository\org\neo4j\neo4j-util\5.10.0\neo4j-util-5.10.0.jar;C:\Users\KJY\.m2\repository\org\neo4j\neo4j-cypher-config\5.10.0\neo4j-cypher-config-5.10.0.jar;C:\Users\KJY\.m2\repository\com\propensive\magnolia_2.13\0.17.0\magnolia_2.13-0.17.0.jar;C:\Users\KJY\.m2\repository\com\propensive\mercator_2.13\0.2.1\mercator_2.13-0.2.1.jar;C:\Users\KJY\.m2\repository\org\neo4j\neo4j-cypher-cache\5.10.0\neo4j-cypher-cache-5.10.0.jar;C:\Users\KJY\.m2\repository\org\neo4j\neo4j-cypher-planner-spi\5.10.0\neo4j-cypher-planner-spi-5.10.0.jar;C:\Users\KJY\.m2\repository\org\neo4j\neo4j-cypher-interpreted-runtime\5.10.0\neo4j-cypher-interpreted-runtime-5.10.0.jar;C:\Users\KJY\.m2\repository\org\neo4j\neo4j-cypher-slotted-runtime\5.10.0\neo4j-cypher-slotted-runtime-5.10.0.jar;C:\Users\KJY\.m2\repository\org\apache\shiro\shiro-core\1.11.0\shiro-core-1.11.0.jar;C:\Users\KJY\.m2\repository\org\apache\shiro\shiro-lang\1.11.0\shiro-lang-1.11.0.jar;C:\Users\KJY\.m2\repository\org\apache\shiro\shiro-cache\1.11.0\shiro-cache-1.11.0.jar;C:\Users\KJY\.m2\repository\org\apache\shiro\shiro-crypto-hash\1.11.0\shiro-crypto-hash-1.11.0.jar;C:\Users\KJY\.m2\repository\org\apache\shiro\shiro-crypto-core\1.11.0\shiro-crypto-core-1.11.0.jar;C:\Users\KJY\.m2\repository\org\apache\shiro\shiro-crypto-cipher\1.11.0\shiro-crypto-cipher-1.11.0.jar;C:\Users\KJY\.m2\repository\org\apache\shiro\shiro-config-core\1.11.0\shiro-config-core-1.11.0.jar;C:\Users\KJY\.m2\repository\org\apache\shiro\shiro-config-ogdl\1.11.0\shiro-config-ogdl-1.11.0.jar;C:\Users\KJY\.m2\repository\commons-beanutils\commons-beanutils\1.9.4\commons-beanutils-1.9.4.jar;C:\Users\KJY\.m2\repository\commons-collections\commons-collections\3.2.2\commons-collections-3.2.2.jar;C:\Users\KJY\.m2\repository\org\apache\shiro\shiro-event\1.11.0\shiro-event-1.11.0.jar;C:\Users\KJY\.m2\repository\org\bitbucket\inkytonik\kiama\kiama_2.13\2.5.0\kiama_2.13-2.5.0.jar;C:\Users\KJY\.m2\repository\org\neo4j\neo4j-security\5.10.0\neo4j-security-5.10.0.jar;C:\Users\KJY\.m2\repository\org\neo4j\neo4j-command-line\5.10.0\neo4j-command-line-5.10.0.jar;C:\Users\KJY\.m2\repository\info\picocli\picocli\4.7.3\picocli-4.7.3.jar;C:\Users\KJY\.m2\repository\org\neo4j\neo4j-bolt\5.10.0\neo4j-bolt-5.10.0.jar;C:\Users\KJY\.m2\repository\org\neo4j\neo4j-ssl\5.10.0\neo4j-ssl-5.10.0.jar;C:\Users\KJY\.m2\repository\org\neo4j\server-api\5.10.0\server-api-5.10.0.jar;C:\Users\KJY\.m2\repository\jakarta\ws\rs\jakarta.ws.rs-api\2.1.6\jakarta.ws.rs-api-2.1.6.jar;C:\Users\KJY\.m2\repository\io\netty\netty-codec-http\4.1.93.Final\netty-codec-http-4.1.93.Final.jar;C:\Users\KJY\.m2\repository\io\netty\netty-transport-native-epoll\4.1.93.Final\netty-transport-native-epoll-4.1.93.Final-linux-x86_64.jar;C:\Users\KJY\.m2\repository\io\netty\netty-transport-classes-epoll\4.1.93.Final\netty-transport-classes-epoll-4.1.93.Final.jar;C:\Users\KJY\.m2\repository\io\netty\netty-transport-native-epoll\4.1.93.Final\netty-transport-native-epoll-4.1.93.Final-linux-aarch_64.jar;C:\Users\KJY\.m2\repository\io\netty\netty-transport-native-kqueue\4.1.93.Final\netty-transport-native-kqueue-4.1.93.Final-osx-x86_64.jar;C:\Users\KJY\.m2\repository\io\netty\netty-transport-classes-kqueue\4.1.93.Final\netty-transport-classes-kqueue-4.1.93.Final.jar;C:\Users\KJY\.m2\repository\io\netty\netty-transport-native-kqueue\4.1.93.Final\netty-transport-native-kqueue-4.1.93.Final-osx-aarch_64.jar;C:\Users\KJY\.m2\repository\org\neo4j\neo4j-consistency-check\5.10.0\neo4j-consistency-check-5.10.0.jar;C:\Users\KJY\.m2\repository\org\neo4j\neo4j-record-storage-engine\5.10.0\neo4j-record-storage-engine-5.10.0.jar;C:\Users\KJY\.m2\repository\commons-io\commons-io\2.12.0\commons-io-2.12.0.jar;C:\Users\KJY\.m2\repository\org\neo4j\neo4j-dbms\5.10.0\neo4j-dbms-5.10.0.jar;C:\Users\KJY\.m2\repository\org\jprocesses\jProcesses\1.6.5\jProcesses-1.6.5.jar;C:\Users\KJY\.m2\repository\com\profesorfalken\WMI4Java\1.6.3\WMI4Java-1.6.3.jar;C:\Users\KJY\.m2\repository\com\profesorfalken\jPowerShell\3.0\jPowerShell-3.0.jar;C:\Users\KJY\.m2\repository\org\apache\commons\commons-compress\1.23.0\commons-compress-1.23.0.jar;C:\Users\KJY\.m2\repository\org\apache\commons\commons-text\1.10.0\commons-text-1.10.0.jar;C:\Users\KJY\.m2\repository\org\apache\commons\commons-configuration2\2.9.0\commons-configuration2-2.9.0.jar;C:\Users\KJY\.m2\repository\org\neo4j\licensing-proxy\zstd-proxy\5.10.0\zstd-proxy-5.10.0.jar;C:\Users\KJY\.m2\repository\com\github\luben\zstd-jni\1.5.5-3\zstd-jni-1.5.5-3.jar;C:\Users\KJY\.m2\repository\org\neo4j\neo4j-import-tool\5.10.0\neo4j-import-tool-5.10.0.jar;C:\Users\KJY\.m2\repository\org\neo4j\app\neo4j-server\5.10.0\neo4j-server-5.10.0.jar;C:\Users\KJY\.m2\repository\org\eclipse\jetty\jetty-server\9.4.51.v20230217\jetty-server-9.4.51.v20230217.jar;C:\Users\KJY\.m2\repository\javax\servlet\javax.servlet-api\3.1.0\javax.servlet-api-3.1.0.jar;C:\Users\KJY\.m2\repository\org\eclipse\jetty\jetty-http\9.4.51.v20230217\jetty-http-9.4.51.v20230217.jar;C:\Users\KJY\.m2\repository\org\eclipse\jetty\jetty-util\9.4.51.v20230217\jetty-util-9.4.51.v20230217.jar;C:\Users\KJY\.m2\repository\org\eclipse\jetty\jetty-io\9.4.51.v20230217\jetty-io-9.4.51.v20230217.jar;C:\Users\KJY\.m2\repository\org\eclipse\jetty\jetty-webapp\9.4.51.v20230217\jetty-webapp-9.4.51.v20230217.jar;C:\Users\KJY\.m2\repository\org\eclipse\jetty\jetty-xml\9.4.51.v20230217\jetty-xml-9.4.51.v20230217.jar;C:\Users\KJY\.m2\repository\org\eclipse\jetty\jetty-servlet\9.4.51.v20230217\jetty-servlet-9.4.51.v20230217.jar;C:\Users\KJY\.m2\repository\org\eclipse\jetty\jetty-security\9.4.51.v20230217\jetty-security-9.4.51.v20230217.jar;C:\Users\KJY\.m2\repository\org\eclipse\jetty\jetty-util-ajax\9.4.51.v20230217\jetty-util-ajax-9.4.51.v20230217.jar;C:\Users\KJY\.m2\repository\org\glassfish\jersey\inject\jersey-hk2\2.34\jersey-hk2-2.34.jar;C:\Users\KJY\.m2\repository\org\glassfish\jersey\core\jersey-common\2.34\jersey-common-2.34.jar;C:\Users\KJY\.m2\repository\jakarta\annotation\jakarta.annotation-api\1.3.5\jakarta.annotation-api-1.3.5.jar;C:\Users\KJY\.m2\repository\org\glassfish\hk2\external\jakarta.inject\2.6.1\jakarta.inject-2.6.1.jar;C:\Users\KJY\.m2\repository\org\glassfish\hk2\hk2-locator\2.6.1\hk2-locator-2.6.1.jar;C:\Users\KJY\.m2\repository\org\glassfish\hk2\hk2-api\2.6.1\hk2-api-2.6.1.jar;C:\Users\KJY\.m2\repository\org\glassfish\hk2\hk2-utils\2.6.1\hk2-utils-2.6.1.jar;C:\Users\KJY\.m2\repository\org\javassist\javassist\3.25.0-GA\javassist-3.25.0-GA.jar;C:\Users\KJY\.m2\repository\org\glassfish\jersey\containers\jersey-container-servlet\2.34\jersey-container-servlet-2.34.jar;C:\Users\KJY\.m2\repository\org\glassfish\jersey\containers\jersey-container-servlet-core\2.34\jersey-container-servlet-core-2.34.jar;C:\Users\KJY\.m2\repository\org\glassfish\jersey\core\jersey-server\2.34\jersey-server-2.34.jar;C:\Users\KJY\.m2\repository\org\glassfish\jersey\core\jersey-client\2.34\jersey-client-2.34.jar;C:\Users\KJY\.m2\repository\jakarta\validation\jakarta.validation-api\2.0.2\jakarta.validation-api-2.0.2.jar;C:\Users\KJY\.m2\repository\com\fasterxml\jackson\core\jackson-core\2.15.2\jackson-core-2.15.2.jar;C:\Users\KJY\.m2\repository\com\fasterxml\jackson\jaxrs\jackson-jaxrs-json-provider\2.15.2\jackson-jaxrs-json-provider-2.15.2.jar;C:\Users\KJY\.m2\repository\com\fasterxml\jackson\jaxrs\jackson-jaxrs-base\2.15.2\jackson-jaxrs-base-2.15.2.jar;C:\Users\KJY\.m2\repository\com\fasterxml\jackson\module\jackson-module-jaxb-annotations\2.15.2\jackson-module-jaxb-annotations-2.15.2.jar;C:\Users\KJY\.m2\repository\org\glassfish\jaxb\jaxb-runtime\2.3.2\jaxb-runtime-2.3.2.jar;C:\Users\KJY\.m2\repository\org\glassfish\jaxb\txw2\2.3.2\txw2-2.3.2.jar;C:\Users\KJY\.m2\repository\com\sun\istack\istack-commons-runtime\3.0.8\istack-commons-runtime-3.0.8.jar;C:\Users\KJY\.m2\repository\org\jvnet\staxex\stax-ex\1.8.1\stax-ex-1.8.1.jar;C:\Users\KJY\.m2\repository\com\sun\xml\fastinfoset\FastInfoset\1.2.16\FastInfoset-1.2.16.jar;C:\Users\KJY\.m2\repository\jakarta\activation\jakarta.activation-api\1.2.1\jakarta.activation-api-1.2.1.jar;C:\Users\KJY\.m2\repository\jakarta\xml\bind\jakarta.xml.bind-api\2.3.2\jakarta.xml.bind-api-2.3.2.jar;C:\Users\KJY\.m2\repository\org\neo4j\neo4j-capabilities\5.10.0\neo4j-capabilities-5.10.0.jar;C:\Users\KJY\.m2\repository\org\locationtech\jts\jts-core\1.18.1\jts-core-1.18.1.jar;C:\Users\KJY\.m2\repository\org\neo4j\test\neo4j-harness\5.10.0\neo4j-harness-5.10.0.jar;C:\Users\KJY\.m2\repository\org\slf4j\slf4j-nop\2.0.7\slf4j-nop-2.0.7.jar;C:\Users\KJY\.m2\repository\org\slf4j\slf4j-api\2.0.7\slf4j-api-2.0.7.jar;C:\Users\KJY\.m2\repository\org\neo4j\test-utils\5.10.0\test-utils-5.10.0.jar;C:\Users\KJY\.m2\repository\org\ow2\asm\asm\9.5\asm-9.5.jar;C:\Users\KJY\.m2\repository\org\junit\jupiter\junit-jupiter\5.9.3\junit-jupiter-5.9.3.jar;C:\Users\KJY\.m2\repository\org\junit\jupiter\junit-jupiter-params\5.9.3\junit-jupiter-params-5.9.3.jar;C:\Users\KJY\.m2\repository\org\junit\platform\junit-platform-testkit\1.9.3\junit-platform-testkit-1.9.3.jar;C:\Users\KJY\.m2\repository\org\assertj\assertj-core\3.24.2\assertj-core-3.24.2.jar;C:\Users\KJY\.m2\repository\org\mockito\mockito-core\5.3.1\mockito-core-5.3.1.jar;C:\Users\KJY\.m2\repository\net\bytebuddy\byte-buddy\1.14.4\byte-buddy-1.14.4.jar;C:\Users\KJY\.m2\repository\net\bytebuddy\byte-buddy-agent\1.14.4\byte-buddy-agent-1.14.4.jar;C:\Users\KJY\.m2\repository\org\objenesis\objenesis\3.3\objenesis-3.3.jar;C:\Users\KJY\.m2\repository\org\bouncycastle\bcpkix-jdk15on\1.70\bcpkix-jdk15on-1.70.jar;C:\Users\KJY\.m2\repository\org\bouncycastle\bcutil-jdk15on\1.70\bcutil-jdk15on-1.70.jar;C:\Users\KJY\.m2\repository\org\bouncycastle\bcprov-jdk15on\1.70\bcprov-jdk15on-1.70.jar;C:\Users\KJY\.m2\repository\org\hamcrest\hamcrest\2.2\hamcrest-2.2.jar;C:\Users\KJY\.m2\repository\org\awaitility\awaitility\4.2.0\awaitility-4.2.0.jar;C:\Users\KJY\.m2\repository\org\neo4j\io-test-utils\5.10.0\io-test-utils-5.10.0.jar;C:\Users\KJY\.m2\repository\commons-logging\commons-logging\1.2\commons-logging-1.2.jar;C:\Users\KJY\.m2\repository\org\neo4j\app\neo4j-server-test-utils\5.10.0\neo4j-server-test-utils-5.10.0.jar;C:\Users\KJY\.m2\repository\commons-codec\commons-codec\1.15\commons-codec-1.15.jar;C:\Users\KJY\.m2\repository\org\junit\vintage\junit-vintage-engine\5.9.3\junit-vintage-engine-5.9.3.jar;C:\Users\KJY\.m2\repository\org\neo4j\driver\neo4j-java-driver\5.10.0\neo4j-java-driver-5.10.0.jar;C:\Users\KJY\.m2\repository\org\reactivestreams\reactive-streams\1.0.4\reactive-streams-1.0.4.jar;C:\Users\KJY\.m2\repository\io\netty\netty-handler\4.1.94.Final\netty-handler-4.1.94.Final.jar;C:\Users\KJY\.m2\repository\io\netty\netty-common\4.1.94.Final\netty-common-4.1.94.Final.jar;C:\Users\KJY\.m2\repository\io\netty\netty-resolver\4.1.94.Final\netty-resolver-4.1.94.Final.jar;C:\Users\KJY\.m2\repository\io\netty\netty-buffer\4.1.94.Final\netty-buffer-4.1.94.Final.jar;C:\Users\KJY\.m2\repository\io\netty\netty-transport\4.1.94.Final\netty-transport-4.1.94.Final.jar;C:\Users\KJY\.m2\repository\io\netty\netty-transport-native-unix-common\4.1.94.Final\netty-transport-native-unix-common-4.1.94.Final.jar;C:\Users\KJY\.m2\repository\io\netty\netty-codec\4.1.94.Final\netty-codec-4.1.94.Final.jar;C:\Users\KJY\.m2\repository\io\netty\netty-tcnative-classes\2.0.61.Final\netty-tcnative-classes-2.0.61.Final.jar;C:\Users\KJY\.m2\repository\io\projectreactor\reactor-core\3.5.7\reactor-core-3.5.7.jar;C:\Users\KJY\.m2\repository\org\junit\jupiter\junit-jupiter-engine\5.9.1\junit-jupiter-engine-5.9.1.jar;C:\Users\KJY\.m2\repository\org\junit\platform\junit-platform-engine\1.9.1\junit-platform-engine-1.9.1.jar;C:\Users\KJY\.m2\repository\org\opentest4j\opentest4j\1.2.0\opentest4j-1.2.0.jar;C:\Users\KJY\.m2\repository\org\junit\platform\junit-platform-commons\1.9.1\junit-platform-commons-1.9.1.jar;C:\Users\KJY\.m2\repository\org\junit\jupiter\junit-jupiter-api\5.9.1\junit-jupiter-api-5.9.1.jar;C:\Users\KJY\.m2\repository\org\apiguardian\apiguardian-api\1.1.2\apiguardian-api-1.1.2.jar;"/>
    <property name="sun.cpu.endian" value="little"/>
    <property name="user.home" value="C:\Users\KJY"/>
    <property name="user.language" value="ko"/>
    <property name="java.specification.vendor" value="Oracle Corporation"/>
    <property name="java.version.date" value="2023-07-18"/>
    <property name="java.home" value="C:\Program Files\Eclipse Adoptium\jdk-17.0.8.7-hotspot"/>
    <property name="file.separator" value="\"/>
    <property name="basedir" value="D:\gspatial_test\spatial-functions"/>
    <property name="java.vm.compressedOopsMode" value="Zero based"/>
    <property name="line.separator" value="&#10;"/>
    <property name="java.vm.specification.vendor" value="Oracle Corporation"/>
    <property name="java.specification.name" value="Java Platform API Specification"/>
    <property name="surefire.real.class.path" value="C:\Users\KJY\AppData\Local\Temp\surefire16774545739832894570\surefirebooter-20231130174927267_3.jar"/>
    <property name="user.script" value=""/>
    <property name="sun.management.compiler" value="HotSpot 64-Bit Tiered Compilers"/>
    <property name="java.runtime.version" value="17.0.8+7"/>
    <property name="user.name" value="KJY"/>
    <property name="path.separator" value=";"/>
    <property name="os.version" value="10.0"/>
    <property name="java.runtime.name" value="OpenJDK Runtime Environment"/>
    <property name="file.encoding" value="MS949"/>
    <property name="jnidispatch.path" value="C:\Users\KJY\AppData\Local\Temp\jna-74458\jna6321436627664282848.dll"/>
    <property name="java.vm.name" value="OpenJDK 64-Bit Server VM"/>
    <property name="java.vendor.version" value="Temurin-17.0.8+7"/>
    <property name="localRepository" value="C:\Users\KJY\.m2\repository"/>
    <property name="jna.loaded" value="true"/>
    <property name="java.vendor.url.bug" value="https://github.com/adoptium/adoptium-support/issues"/>
    <property name="java.io.tmpdir" value="C:\Users\KJY\AppData\Local\Temp\"/>
    <property name="java.version" value="17.0.8"/>
    <property name="user.dir" value="D:\gspatial_test\spatial-functions"/>
    <property name="os.arch" value="amd64"/>
    <property name="java.vm.specification.name" value="Java Virtual Machine Specification"/>
    <property name="sun.os.patch.level" value=""/>
    <property name="native.encoding" value="MS949"/>
    <property name="java.library.path" value="C:\Program Files\Eclipse Adoptium\jdk-17.0.8.7-hotspot\bin;C:\WINDOWS\Sun\Java\bin;C:\WINDOWS\system32;C:\WINDOWS;C:\Program Files\Eclipse Adoptium\jdk-17.0.8.7-hotspot\bin;C:\Program Files\NVIDIA GPU Computing Toolkit\CUDA\v10.0\bin;C:\Program Files\NVIDIA GPU Computing Toolkit\CUDA\v10.0\libnvvp;C:\Program Files\Java\jdk-11.0.3\bin;C:\Program Files (x86)\NAT Service;C:\Program Files\Tesseract-OCR;C:\Windows;C:\Windows\System32\Wbem;C:\Windows\System32\WindowsPowerShell\v1.0\;C:\Windows\System32\OpenSSH\;C:\Program Files (x86)\NVIDIA Corporation\PhysX\Common;C:\Program Files\NVIDIA Corporation\NVIDIA NvDLISR;C:\Program Files\Microsoft SQL Server\120\Tools\Binn\;C:\Program Files\Common Files\Autodesk Shared\;C:\Program Files\Git\cmd;C:\ProgramData\chocolatey\bin;C:\Program Files (x86)\mingw-w64\i686-8.1.0-posix-dwarf-rt_v6-rev0\mingw32\bin;C:\WINDOWS\system32;C:\WINDOWS;C:\WINDOWS\System32\Wbem;C:\WINDOWS\System32\WindowsPowerShell\v1.0\;C:\WINDOWS\System32\OpenSSH\;C:\Program Files\GTK3-Runtime Win64\bin;C:\Program Files\GTK2-Runtime Win64\bin;C:\Program Files (x86)\ZeinSoft\ComVoy\2.0\agent;D:\apache-maven-3.8.6\bin;C:\Program Files\PostgreSQL\15\bin;C:\Program Files\nodejs\;D:\apache-maven-3.9.3\bin;C:\Program Files\mingw64\bin;;%SystemRoot%\system32;%SystemRoot%;%SystemRoot%\System32\Wbem;%SYSTEMROOT%\System32\WindowsPowerShell\v1.0\;%SYSTEMROOT%\System32\OpenSSH\;C:\Users\KJY\AppData\Local\Programs\Python\Python36\Scripts\;C:\Users\KJY\AppData\Local\Programs\Python\Python36\;C:\Users\KJY\Anaconda3;C:\Users\KJY\Anaconda3\Library\mingw-w64\bin;C:\Users\KJY\Anaconda3\Library\usr\bin;C:\Users\KJY\Anaconda3\Library\bin;C:\Users\KJY\Anaconda3\Scripts;C:\Users\KJY\AppData\Local\Microsoft\WindowsApps;C:\Program Files\JetBrains\PyCharm 2023.2.1\bin;;C:\Program Files\Bandizip\;C:\WINDOWS\system32;C:\Users\KJY\AppData\Roaming\npm;C:\Users\KJY\AppData\Local\GitHubDesktop\bin;C:\Users\KJY\AppData\Local\Programs\Microsoft VS Code\bin;C:\Program Files\JetBrains\IntelliJ IDEA 2023.2\bin;;;."/>
    <property name="java.vm.info" value="mixed mode, sharing"/>
    <property name="java.vendor" value="Eclipse Adoptium"/>
    <property name="java.vm.version" value="17.0.8+7"/>
    <property name="sun.io.unicode.encoding" value="UnicodeLittle"/>
    <property name="java.class.version" value="61.0"/>
  </properties>
  <testcase name="testConvex_Hull" classname="org.neo4j.gspatial.SpatialFunctionsTest" time="0.516"/>
  <testcase name="testTouches" classname="org.neo4j.gspatial.SpatialFunctionsTest" time="2.308"/>
  <testcase name="testBoundary" classname="org.neo4j.gspatial.SpatialFunctionsTest" time="1.824"/>
  <testcase name="testEnvelope" classname="org.neo4j.gspatial.SpatialFunctionsTest" time="0.044"/>
  <testcase name="testUnion" classname="org.neo4j.gspatial.SpatialFunctionsTest" time="47.119"/>
  <testcase name="testArea" classname="org.neo4j.gspatial.SpatialFunctionsTest" time="0.04"/>
  <testcase name="testSRID" classname="org.neo4j.gspatial.SpatialFunctionsTest" time="0.043"/>
  <testcase name="testDimension" classname="org.neo4j.gspatial.SpatialFunctionsTest" time="0.041"/>
  <testcase name="testCentroid" classname="org.neo4j.gspatial.SpatialFunctionsTest" time="0.046"/>
  <testcase name="testContains" classname="org.neo4j.gspatial.SpatialFunctionsTest" time="1.745"/>
  <testcase name="testCovered_By" classname="org.neo4j.gspatial.SpatialFunctionsTest" time="1.715"/>
  <testcase name="testCrosses" classname="org.neo4j.gspatial.SpatialFunctionsTest" time="0.298"/>
  <testcase name="testDisjoint" classname="org.neo4j.gspatial.SpatialFunctionsTest" time="1.824"/>
  <testcase name="testDistance" classname="org.neo4j.gspatial.SpatialFunctionsTest" time="2.704"/>
  <testcase name="testDifference" classname="org.neo4j.gspatial.SpatialFunctionsTest" time="22.447"/>
  <testcase name="testIntersection" classname="org.neo4j.gspatial.SpatialFunctionsTest" time="4.403"/>
  <testcase name="testBuffer" classname="org.neo4j.gspatial.SpatialFunctionsTest" time="0.249"/>
  <testcase name="testOverlaps" classname="org.neo4j.gspatial.SpatialFunctionsTest" time="1.759"/>
  <testcase name="testCovers" classname="org.neo4j.gspatial.SpatialFunctionsTest" time="1.715"/>
  <testcase name="testEquals" classname="org.neo4j.gspatial.SpatialFunctionsTest" time="1.953"/>
  <testcase name="testLength" classname="org.neo4j.gspatial.SpatialFunctionsTest" time="0.03"/>
  <testcase name="testWithin" classname="org.neo4j.gspatial.SpatialFunctionsTest" time="2.492"/>
  <testcase name="testIntersects" classname="org.neo4j.gspatial.SpatialFunctionsTest" time="2.44"/>
</testsuite>